<?xml version="1.0" encoding="UTF-8"?>
<testng-results ignored="0" total="1" passed="1" failed="0" skipped="0">
  <reporter-output>
  </reporter-output>
  <suite started-at="2025-01-14T15:55:07 SGT" name="Surefire suite" finished-at="2025-01-14T15:55:57 SGT" duration-ms="50521">
    <groups>
      <group name="regressionTest">
        <method signature="AmaysimQA.QA_Amaysim_CR_PA_01()[pri:1, instance:TestNG.AmaysimQA@2a39fe6a]" name="QA_Amaysim_CR_PA_01" class="TestNG.AmaysimQA"/>
      </group> <!-- regressionTest -->
      <group name="smokeTest">
        <method signature="AmaysimQA.QA_Amaysim_CR_PA_01()[pri:1, instance:TestNG.AmaysimQA@2a39fe6a]" name="QA_Amaysim_CR_PA_01" class="TestNG.AmaysimQA"/>
      </group> <!-- smokeTest -->
    </groups>
    <test started-at="2025-01-14T15:55:07 SGT" name="Surefire test" finished-at="2025-01-14T15:55:57 SGT" duration-ms="50521">
      <class name="TestNG.AmaysimQA">
        <test-method is-config="true" signature="setup()[pri:0, instance:TestNG.AmaysimQA@2a39fe6a]" started-at="2025-01-14T15:55:07 SGT" name="setup" finished-at="2025-01-14T15:55:07 SGT" duration-ms="146" status="PASS">
          <reporter-output>
          </reporter-output>
        </test-method> <!-- setup -->
        <test-method signature="QA_Amaysim_CR_PA_01()[pri:1, instance:TestNG.AmaysimQA@2a39fe6a]" started-at="2025-01-14T15:55:07 SGT" name="QA_Amaysim_CR_PA_01" finished-at="2025-01-14T15:55:57 SGT" duration-ms="50147" status="PASS">
          <reporter-output>
          </reporter-output>
        </test-method> <!-- QA_Amaysim_CR_PA_01 -->
      </class> <!-- TestNG.AmaysimQA -->
    </test> <!-- Surefire test -->
  </suite> <!-- Surefire suite -->
</testng-results>
